<?xml version="1.0" encoding="UTF-8"?>
<coverage generated="1773028673145" clover="3.2.0">
  <project timestamp="1773028673145" name="All files">
    <metrics statements="11" coveredstatements="11" conditionals="2" coveredconditionals="2" methods="6" coveredmethods="6" elements="19" coveredelements="19" complexity="0" loc="11" ncloc="11" packages="1" files="3" classes="3"/>
    <file name="login-use-case.ts" path="/Users/rrojasar/Desktop/AptoLatam/Gitlab/aptotatgantt/application/use-cases/login-use-case.ts">
      <metrics statements="3" coveredstatements="3" conditionals="0" coveredconditionals="0" methods="2" coveredmethods="2"/>
      <line num="12" count="1" type="stmt"/>
      <line num="14" count="1" type="stmt"/>
      <line num="16" count="1" type="stmt"/>
    </file>
    <file name="logout-use-case.ts" path="/Users/rrojasar/Desktop/AptoLatam/Gitlab/aptotatgantt/application/use-cases/logout-use-case.ts">
      <metrics statements="2" coveredstatements="2" conditionals="0" coveredconditionals="0" methods="2" coveredmethods="2"/>
      <line num="11" count="1" type="stmt"/>
      <line num="12" count="1" type="stmt"/>
    </file>
    <file name="refresh-token-use-case.ts" path="/Users/rrojasar/Desktop/AptoLatam/Gitlab/aptotatgantt/application/use-cases/refresh-token-use-case.ts">
      <metrics statements="6" coveredstatements="6" conditionals="2" coveredconditionals="2" methods="2" coveredmethods="2"/>
      <line num="12" count="2" type="stmt"/>
      <line num="14" count="2" type="cond" truecount="2" falsecount="0"/>
      <line num="15" count="1" type="stmt"/>
      <line num="18" count="1" type="stmt"/>
      <line num="20" count="1" type="stmt"/>
      <line num="22" count="1" type="stmt"/>
    </file>
  </project>
</coverage>
