{"/Users/rrojasar/Desktop/AptoLatam/Gitlab/aptotatgantt/application/use-cases/login-use-case.ts": {"path":"/Users/rrojasar/Desktop/AptoLatam/Gitlab/aptotatgantt/application/use-cases/login-use-case.ts","statementMap":{"0":{"start":{"line":12,"column":20},"end":{"line":12,"column":57}},"1":{"start":{"line":14,"column":4},"end":{"line":14,"column":44}},"2":{"start":{"line":16,"column":4},"end":{"line":16,"column":19}}},"fnMap":{"0":{"name":"(anonymous_0)","decl":{"start":{"line":6,"column":2},"end":{"line":6,"column":3}},"loc":{"start":{"line":9,"column":4},"end":{"line":9,"column":6}},"line":9},"1":{"name":"(anonymous_1)","decl":{"start":{"line":11,"column":2},"end":{"line":11,"column":3}},"loc":{"start":{"line":11,"column":71},"end":{"line":17,"column":3}},"line":11}},"branchMap":{},"s":{"0":1,"1":1,"2":1},"f":{"0":1,"1":1},"b":{},"_coverageSchema":"1a1c01bbd47fc00a2c39e90264f33305004495a9","hash":"f6fb0a381052eb8cd8899fa82dde1f0c9ba542b4"}
,"/Users/rrojasar/Desktop/AptoLatam/Gitlab/aptotatgantt/application/use-cases/logout-use-case.ts": {"path":"/Users/rrojasar/Desktop/AptoLatam/Gitlab/aptotatgantt/application/use-cases/logout-use-case.ts","statementMap":{"0":{"start":{"line":11,"column":4},"end":{"line":11,"column":28}},"1":{"start":{"line":12,"column":4},"end":{"line":12,"column":38}}},"fnMap":{"0":{"name":"(anonymous_0)","decl":{"start":{"line":5,"column":2},"end":{"line":5,"column":3}},"loc":{"start":{"line":8,"column":4},"end":{"line":8,"column":6}},"line":8},"1":{"name":"(anonymous_1)","decl":{"start":{"line":10,"column":2},"end":{"line":10,"column":3}},"loc":{"start":{"line":10,"column":33},"end":{"line":13,"column":3}},"line":10}},"branchMap":{},"s":{"0":1,"1":1},"f":{"0":1,"1":1},"b":{},"_coverageSchema":"1a1c01bbd47fc00a2c39e90264f33305004495a9","hash":"8b7166fa61e730bd959f57c50551ed46e058eed2"}
,"/Users/rrojasar/Desktop/AptoLatam/Gitlab/aptotatgantt/application/use-cases/refresh-token-use-case.ts": {"path":"/Users/rrojasar/Desktop/AptoLatam/Gitlab/aptotatgantt/application/use-cases/refresh-token-use-case.ts","statementMap":{"0":{"start":{"line":12,"column":20},"end":{"line":12,"column":51}},"1":{"start":{"line":14,"column":4},"end":{"line":16,"column":5}},"2":{"start":{"line":15,"column":6},"end":{"line":15,"column":46}},"3":{"start":{"line":18,"column":23},"end":{"line":18,"column":73}},"4":{"start":{"line":20,"column":4},"end":{"line":20,"column":47}},"5":{"start":{"line":22,"column":4},"end":{"line":22,"column":22}}},"fnMap":{"0":{"name":"(anonymous_0)","decl":{"start":{"line":6,"column":2},"end":{"line":6,"column":3}},"loc":{"start":{"line":9,"column":4},"end":{"line":9,"column":6}},"line":9},"1":{"name":"(anonymous_1)","decl":{"start":{"line":11,"column":2},"end":{"line":11,"column":3}},"loc":{"start":{"line":11,"column":40},"end":{"line":23,"column":3}},"line":11}},"branchMap":{"0":{"loc":{"start":{"line":14,"column":4},"end":{"line":16,"column":5}},"type":"if","locations":[{"start":{"line":14,"column":4},"end":{"line":16,"column":5}},{"start":{},"end":{}}],"line":14}},"s":{"0":2,"1":2,"2":1,"3":1,"4":1,"5":1},"f":{"0":2,"1":2},"b":{"0":[1,1]},"_coverageSchema":"1a1c01bbd47fc00a2c39e90264f33305004495a9","hash":"4fe655a4b7a137d1d7201e5cbf32ffb8f6922e70"}
}
